build/outputs/logs/manifest-merger-debug-report.txt
-- Merging decision tree log ---
manifest
ADDED from android\AndroidManifest.xml:2:1-25:12
INJECTED from android\AndroidManifest.xml:2:1-25:12
INJECTED from android\AndroidManifest.xml:2:1-25:12
INJECTED from android\AndroidManifest.xml:2:1-25:12
INJECTED from android\AndroidManifest.xml:2:1-25:12
INJECTED from android\AndroidManifest.xml:2:1-25:12
INJECTED from android\AndroidManifest.xml:2:1-25:12
	package
		ADDED from android\AndroidManifest.xml:3:5-29
		INJECTED from android\AndroidManifest.xml
		INJECTED from android\AndroidManifest.xml
	android:versionName
		INJECTED from android\AndroidManifest.xml
		ADDED from android\AndroidManifest.xml:2:1-25:12
		INJECTED from android\AndroidManifest.xml
	android:versionCode
		INJECTED from android\AndroidManifest.xml
		ADDED from android\AndroidManifest.xml:2:1-25:12
		INJECTED from android\AndroidManifest.xml
	xmlns:android
		ADDED from android\AndroidManifest.xml:2:11-69
uses-sdk
ADDED from android\AndroidManifest.xml:5:5-73
INJECTED from android\AndroidManifest.xml:5:5-73
INJECTED from android\AndroidManifest.xml:5:5-73
INJECTED from android\AndroidManifest.xml:5:5-73
INJECTED from android\AndroidManifest.xml:5:5-73
	android:targetSdkVersion
		ADDED from android\AndroidManifest.xml:5:41-70
		INJECTED from android\AndroidManifest.xml
		INJECTED from android\AndroidManifest.xml
	android:minSdkVersion
		ADDED from android\AndroidManifest.xml:5:15-40
		INJECTED from android\AndroidManifest.xml
		INJECTED from android\AndroidManifest.xml
uses-permission#android.permission.VIBRATE
ADDED from android\AndroidManifest.xml:6:5-66
	android:name
		ADDED from android\AndroidManifest.xml:6:22-63
application
ADDED from android\AndroidManifest.xml:8:5-23:19
	android:label
		ADDED from android\AndroidManifest.xml:11:9-41
	android:icon
		ADDED from android\AndroidManifest.xml:10:9-45
	android:allowBackup
		ADDED from android\AndroidManifest.xml:9:9-35
	android:theme
		ADDED from android\AndroidManifest.xml:12:9-40
activity#com.mygdx.game.AndroidLauncher
ADDED from android\AndroidManifest.xml:13:9-22:20
	android:screenOrientation
		ADDED from android\AndroidManifest.xml:16:13-50
	android:label
		ADDED from android\AndroidManifest.xml:15:13-45
	android:configChanges
		ADDED from android\AndroidManifest.xml:17:13-94
	android:name
		ADDED from android\AndroidManifest.xml:14:13-58
intent-filter#android.intent.action.MAIN+android.intent.category.LAUNCHER
ADDED from android\AndroidManifest.xml:18:13-21:29
action#android.intent.action.MAIN
ADDED from android\AndroidManifest.xml:19:17-69
	android:name
		ADDED from android\AndroidManifest.xml:19:25-66
category#android.intent.category.LAUNCHER
ADDED from android\AndroidManifest.xml:20:17-77
	android:name
		ADDED from android\AndroidManifest.xml:20:27-74